<?xml version="1.0" encoding="UTF-8"?>
<!-- Generated by org.testng.reporters.JUnitReportReporter -->
<testsuite hostname="DESKTOP-4QN2NKT" name="com.cbs.phoenix.testcases.TC_Notification_ChangeRequest_44977" tests="1" failures="0" timestamp="27 Feb 2020 15:12:02 GMT" time="160.928" errors="0">
  <testcase name="TC_44977" time="160.928" classname="com.cbs.phoenix.testcases.TC_Notification_ChangeRequest_44977"/>
</testsuite> <!-- com.cbs.phoenix.testcases.TC_Notification_ChangeRequest_44977 -->
