<?xml version="1.0" encoding="UTF-8"?>
<!-- Generated by org.testng.reporters.JUnitReportReporter -->
<testsuite hostname="DESKTOP-4QN2NKT" name="com.cbs.phoenix.testcases.TC_Notification_ChangeRequest_Reject_44974" tests="1" failures="0" timestamp="12 Feb 2020 10:19:08 GMT" time="330.786" errors="0">
  <testcase name="TC_44974" time="330.786" classname="com.cbs.phoenix.testcases.TC_Notification_ChangeRequest_Reject_44974"/>
</testsuite> <!-- com.cbs.phoenix.testcases.TC_Notification_ChangeRequest_Reject_44974 -->
