<?xml version="1.0" encoding="UTF-8"?>
<!-- Generated by org.testng.reporters.JUnitReportReporter -->
<testsuite hostname="DESKTOP-4QN2NKT" name="com.cbs.phoenix.testcases.TC_AiringSchedule_61361" tests="1" failures="0" timestamp="11 Mar 2020 13:09:56 GMT" time="496.219" errors="0">
  <testcase name="TC_61361" time="496.219" classname="com.cbs.phoenix.testcases.TC_AiringSchedule_61361"/>
</testsuite> <!-- com.cbs.phoenix.testcases.TC_AiringSchedule_61361 -->
