<?xml version="1.0" encoding="UTF-8"?>
<!-- Generated by org.testng.reporters.JUnitReportReporter -->
<testsuite hostname="DESKTOP-4QN2NKT" name="com.cbs.phoenix.testcases.TC_Notification_MSUApprove_45049" tests="1" failures="0" timestamp="30 Jan 2020 09:40:51 GMT" time="316.629" errors="0">
  <testcase name="TC_45073" time="316.629" classname="com.cbs.phoenix.testcases.TC_Notification_MSUApprove_45049"/>
</testsuite> <!-- com.cbs.phoenix.testcases.TC_Notification_MSUApprove_45049 -->
