<?xml version="1.0" encoding="UTF-8"?>
<!-- Generated by org.testng.reporters.JUnitReportReporter -->
<testsuite hostname="DESKTOP-4QN2NKT" name="com.cbs.phoenix.testcases.TC_Notification_ChangeRequest_Doover_44999" tests="1" failures="0" timestamp="27 Feb 2020 12:47:01 GMT" time="188.052" errors="0">
  <testcase name="TC_44999" time="188.052" classname="com.cbs.phoenix.testcases.TC_Notification_ChangeRequest_Doover_44999"/>
</testsuite> <!-- com.cbs.phoenix.testcases.TC_Notification_ChangeRequest_Doover_44999 -->
