<?xml version="1.0" encoding="UTF-8"?>
<!-- Generated by org.testng.reporters.JUnitReportReporter -->
<testsuite hostname="DESKTOP-4QN2NKT" name="com.cbs.phoenix.testcases.TC_Notification_ChangeRequest_DoOver_44988" tests="1" failures="0" timestamp="28 Jan 2020 09:52:04 GMT" time="307.269" errors="0">
  <testcase name="TC_44988" time="307.269" classname="com.cbs.phoenix.testcases.TC_Notification_ChangeRequest_DoOver_44988"/>
</testsuite> <!-- com.cbs.phoenix.testcases.TC_Notification_ChangeRequest_DoOver_44988 -->
