<?xml version="1.0" encoding="UTF-8"?>
<!-- Generated by org.testng.reporters.JUnitReportReporter -->
<testsuite hostname="DESKTOP-4QN2NKT" name="com.cbs.phoenix.testcases.TC_CreateSalesShow_53510" tests="1" failures="0" timestamp="24 Jan 2020 11:15:51 GMT" time="95.254" errors="0">
  <testcase name="TC_show_53510" time="95.254" classname="com.cbs.phoenix.testcases.TC_CreateSalesShow_53510"/>
</testsuite> <!-- com.cbs.phoenix.testcases.TC_CreateSalesShow_53510 -->
