<?xml version="1.0" encoding="UTF-8"?>
<!-- Generated by org.testng.reporters.JUnitReportReporter -->
<testsuite hostname="DESKTOP-4QN2NKT" name="com.cbs.phoenix.testcases.TC_AiringMove_CloseBilling_24299" tests="1" failures="0" timestamp="11 Mar 2020 09:28:15 GMT" time="109.214" errors="0">
  <testcase name="TC_24299" time="109.214" classname="com.cbs.phoenix.testcases.TC_AiringMove_CloseBilling_24299"/>
</testsuite> <!-- com.cbs.phoenix.testcases.TC_AiringMove_CloseBilling_24299 -->
