<?xml version="1.0" encoding="UTF-8"?>
<!-- Generated by org.testng.reporters.JUnitReportReporter -->
<testsuite hostname="DESKTOP-4QN2NKT" name="com.cbs.phoenix.testcases.TC_AORDOOver_43576" tests="1" failures="0" timestamp="15 Jan 2020 07:23:58 GMT" time="460.533" errors="0">
  <testcase name="TC_Notification" time="460.533" classname="com.cbs.phoenix.testcases.TC_AORDOOver_43576"/>
</testsuite> <!-- com.cbs.phoenix.testcases.TC_AORDOOver_43576 -->
