<?xml version="1.0" encoding="UTF-8"?>
<!-- Generated by org.testng.reporters.JUnitReportReporter -->
<testsuite hostname="DESKTOP-4QN2NKT" name="com.cbs.phoenix.testcases.TC_AiringReplace_28048" tests="1" failures="0" timestamp="19 Feb 2020 10:13:59 GMT" time="181.266" errors="0">
  <testcase name="TC_28048" time="181.266" classname="com.cbs.phoenix.testcases.TC_AiringReplace_28048"/>
</testsuite> <!-- com.cbs.phoenix.testcases.TC_AiringReplace_28048 -->
