<?xml version="1.0" encoding="UTF-8"?>
<!-- Generated by org.testng.reporters.JUnitReportReporter -->
<testsuite hostname="DESKTOP-4QN2NKT" name="com.cbs.phoenix.testcases.TC_Notification_ChangeRequest_Reject_44975" tests="1" failures="0" timestamp="21 Jan 2020 12:33:05 GMT" time="377.093" errors="0">
  <testcase name="TC_Notification" time="377.093" classname="com.cbs.phoenix.testcases.TC_Notification_ChangeRequest_Reject_44975"/>
</testsuite> <!-- com.cbs.phoenix.testcases.TC_Notification_ChangeRequest_Reject_44975 -->
