<?xml version="1.0" encoding="UTF-8"?>
<!-- Generated by org.testng.reporters.JUnitReportReporter -->
<testsuite hostname="DESKTOP-4QN2NKT" name="com.cbs.phoenix.testcases.TC_AiringGenerate_Shadow_30630" tests="1" failures="0" timestamp="6 Mar 2020 10:29:46 GMT" time="401.246" errors="0">
  <testcase name="TC_30630" time="401.246" classname="com.cbs.phoenix.testcases.TC_AiringGenerate_Shadow_30630"/>
</testsuite> <!-- com.cbs.phoenix.testcases.TC_AiringGenerate_Shadow_30630 -->
