<?xml version="1.0" encoding="UTF-8"?>
<!-- Generated by org.testng.reporters.JUnitReportReporter -->
<testsuite hostname="DESKTOP-4QN2NKT" failures="0" tests="1" name="com.cbs.phoenix.testcases.TC_AiringGenerate_50175" time="286.570" errors="0" timestamp="18 Mar 2020 11:20:58 GMT">
  <testcase classname="com.cbs.phoenix.testcases.TC_AiringGenerate_50175" name="TC_50175" time="286.570"/>
</testsuite> <!-- com.cbs.phoenix.testcases.TC_AiringGenerate_50175 -->
