<?xml version="1.0" encoding="UTF-8"?>
<!-- Generated by org.testng.reporters.JUnitReportReporter -->
<testsuite hostname="DESKTOP-4QN2NKT" name="com.cbs.phoenix.testcases.TC_Airingmovedispose_29133" tests="1" failures="0" timestamp="21 Feb 2020 13:39:45 GMT" time="334.715" errors="0">
  <testcase name="TC_Notification" time="334.715" classname="com.cbs.phoenix.testcases.TC_Airingmovedispose_29133"/>
</testsuite> <!-- com.cbs.phoenix.testcases.TC_Airingmovedispose_29133 -->
