<?xml version="1.0" encoding="UTF-8"?>
<!-- Generated by org.testng.reporters.JUnitReportReporter -->
<testsuite hostname="DESKTOP-4QN2NKT" name="com.cbs.phoenix.testcases.TC_AORDOOverUFTSelenium_43576" tests="1" failures="0" timestamp="16 Jan 2020 10:14:07 GMT" time="422.554" errors="0">
  <testcase name="TC_Notification" time="422.554" classname="com.cbs.phoenix.testcases.TC_AORDOOverUFTSelenium_43576"/>
</testsuite> <!-- com.cbs.phoenix.testcases.TC_AORDOOverUFTSelenium_43576 -->
