<?xml version="1.0" encoding="UTF-8"?>
<!-- Generated by org.testng.reporters.JUnitReportReporter -->
<testsuite hostname="DESKTOP-4QN2NKT" name="com.cbs.phoenix.testcases.TC_Notification_ChangeRequest_Reject_44963" tests="1" failures="0" timestamp="14 Jan 2020 12:17:34 GMT" time="284.867" errors="0">
  <testcase name="TC_Notification" time="284.867" classname="com.cbs.phoenix.testcases.TC_Notification_ChangeRequest_Reject_44963"/>
</testsuite> <!-- com.cbs.phoenix.testcases.TC_Notification_ChangeRequest_Reject_44963 -->
