<?xml version="1.0" encoding="UTF-8"?>
<!-- Generated by org.testng.reporters.JUnitReportReporter -->
<testsuite hostname="DESKTOP-4QN2NKT" name="com.cbs.phoenix.testcases.TC_Notification_ChangeRequest_DoOver_44990" tests="1" failures="0" timestamp="22 Jan 2020 11:07:23 GMT" time="338.454" errors="0">
  <testcase name="TC_Notification" time="338.454" classname="com.cbs.phoenix.testcases.TC_Notification_ChangeRequest_DoOver_44990"/>
</testsuite> <!-- com.cbs.phoenix.testcases.TC_Notification_ChangeRequest_DoOver_44990 -->
